Arguments: 
  D:\Program Files\nodejs\node.exe C:\Users\helio.beirao\AppData\Roaming\npm\node_modules\yarn\bin\yarn.js instasll

PATH: 
  D:\Cmder\bin;D:\Cmder\vendor\conemu-maximus5\ConEmu\Scripts;D:\Cmder\vendor\conemu-maximus5;D:\Cmder\vendor\conemu-maximus5\ConEmu;C:\Program Files (x86)\Common Files\Oracle\Java\javapath;C:\Program Files\Docker\Docker\Resources\bin;C:\Windows\system32;C:\Windows;C:\Windows\System32\Wbem;C:\Windows\System32\WindowsPowerShell\v1.0\;C:\Windows\System32\OpenSSH\;D:\Program Files\nodejs\;C:\Maven\bin;D:\Cmder;C:\Program Files\Git\cmd;C:\Program Files (x86)\Microsoft SQL Server\Client SDK\ODBC\130\Tools\Binn\;C:\Program Files (x86)\Microsoft SQL Server\140\Tools\Binn\;C:\Program Files (x86)\Microsoft SQL Server\140\DTS\Binn\;C:\Program Files (x86)\Microsoft SQL Server\140\Tools\Binn\ManagementStudio\;C:\Program Files\dotnet\;C:\Program Files\Microsoft SQL Server\130\Tools\Binn\;C:\Program Files\Java\jdk1.8.0_191\bin;C:\Program Files\TortoiseSVN\bin;D:\Program Files\WinMerge;C:\Users\helio.beirao\AppData\Local\Microsoft\WindowsApps;C:\Users\helio.beirao\AppData\Roaming\npm;D:\Program Files\Microsoft VS Code\bin;D:\Program Files\Python\Python37-32\Scripts\;D:\Program Files\Python\Python37-32\;C:\Program Files\Git\mingw64;C:\Program Files\Git\usr\bin

Yarn version: 
  1.12.1

Node version: 
  10.13.0

Platform: 
  win32 x64

Trace: 
  SyntaxError: D:\_sourcecode\github\text-mask\addons\package.json: Unexpected token } in JSON at position 1208
      at JSON.parse (<anonymous>)
      at C:\Users\helio.beirao\AppData\Roaming\npm\node_modules\yarn\lib\cli.js:1166:59
      at Generator.next (<anonymous>)
      at step (C:\Users\helio.beirao\AppData\Roaming\npm\node_modules\yarn\lib\cli.js:92:30)
      at C:\Users\helio.beirao\AppData\Roaming\npm\node_modules\yarn\lib\cli.js:103:13

npm manifest: 
  {
    "name": "@sinqia/text-mask-addons",
    "version": "3.8.4",
    "description": "Addons for Text Mask https://github.com/SeniorSolution/text-mask",
    "main": "dist/textMaskAddons.js",
    "author": "M.K. Safi <msafi@msafi.com>",
    "license": "MIT",
    "bugs": {
      "url": "https://github.com/SeniorSolution/text-mask/issues"
    },
    "repository": {
      "type": "git",
      "url": "git+https://github.com/SeniorSolution/text-mask.git"
    },
    "homepage": "https://github.com/SeniorSolution/text-mask/tree/master/addons/#readme",
    "keywords": [
      "text mask",
      "input mask",
      "string mask",
      "input formatting",
      "text formatting",
      "string formatting"
    ],
    "directories": {
      "test": "test"
    },
    "scripts": {
      "test": "echo \"Error: no test specified\" && exit 1"
    },
    "dependencies": {
      "@sinqia/text-mask-core": "^5.1.5"
    },
    "devDependencies": {
      "babel-cli": "^6.4.5",
      "babel-core": "^6.4.5",
      "babel-loader": "^6.2.1",
      "babel-plugin-rewire": "1.2.0",
      "babel-plugin-transform-object-assign": "^6.22.0",
      "babel-plugin-transform-runtime": "^6.15.0",
      "babel-preset-env": "^1.6.1",
      "babel-preset-react": "^6.3.13",
      "babel-preset-stage-0": "^6.5.0",
    }
  }

yarn manifest: 
  No manifest

Lockfile: 
  # THIS IS AN AUTOGENERATED FILE. DO NOT EDIT THIS FILE DIRECTLY.
  # yarn lockfile v1
  
  
  "@sinqia/text-mask-core@^5.1.5":
    version "5.1.5"
    resolved "https://registry.yarnpkg.com/@sinqia/text-mask-core/-/text-mask-core-5.1.5.tgz#1b284d1fbbbf35656924e3cddd28e782abcfc09c"
    integrity sha512-3M+Ys5NuTG1cZcfSJQXA1kWFqWIJAxPZs8WqNIjQNAjuVgvmOQ/FBBb46oHT/Q0nCokgX/8GNk/fykZP7dzAMg==
  
  babel-plugin-rewire@1.2.0:
    version "1.2.0"
    resolved "https://registry.yarnpkg.com/babel-plugin-rewire/-/babel-plugin-rewire-1.2.0.tgz#822562d72ed2c84e47c0f95ee232c920853e9d89"
    integrity sha512-JBZxczHw3tScS+djy6JPLMjblchGhLI89ep15H3SyjujIzlxo5nr6Yjo7AXotdeVczeBmWs0tF8PgJWDdgzAkQ==
